build/outputs/logs/manifest-merger-debug-report.txt
-- Merging decision tree log ---
manifest
ADDED from MyApplication\com.scxh.musicplayer\AndroidManifest.xml:1:1-42:12
	package
		ADDED from MyApplication\com.scxh.musicplayer\AndroidManifest.xml:2:5-36
	android:versionName
		ADDED from MyApplication\com.scxh.musicplayer\AndroidManifest.xml:4:5-30
	android:versionCode
		ADDED from MyApplication\com.scxh.musicplayer\AndroidManifest.xml:3:5-28
		INJECTED from MyApplication\com.scxh.musicplayer\AndroidManifest.xml
		INJECTED from MyApplication\com.scxh.musicplayer\AndroidManifest.xml
	xmlns:android
		ADDED from MyApplication\com.scxh.musicplayer\AndroidManifest.xml:1:11-69
uses-sdk
ADDED from MyApplication\com.scxh.musicplayer\AndroidManifest.xml:6:5-8:41
	android:targetSdkVersion
		ADDED from MyApplication\com.scxh.musicplayer\AndroidManifest.xml:8:9-38
	android:minSdkVersion
		ADDED from MyApplication\com.scxh.musicplayer\AndroidManifest.xml:7:9-35
uses-permission#android.permission.WRITE_EXTERNAL_STORAGE
ADDED from MyApplication\com.scxh.musicplayer\AndroidManifest.xml:10:5-81
	android:name
		ADDED from MyApplication\com.scxh.musicplayer\AndroidManifest.xml:10:22-78
uses-permission#android.permission.READ_EXTERNAL_STORAGE
ADDED from MyApplication\com.scxh.musicplayer\AndroidManifest.xml:11:5-80
	android:name
		ADDED from MyApplication\com.scxh.musicplayer\AndroidManifest.xml:11:22-77
uses-permission#android.permission.RECEIVE_BOOT_COMPLETED
ADDED from MyApplication\com.scxh.musicplayer\AndroidManifest.xml:12:5-81
	android:name
		ADDED from MyApplication\com.scxh.musicplayer\AndroidManifest.xml:12:22-78
application
ADDED from MyApplication\com.scxh.musicplayer\AndroidManifest.xml:14:5-40:19
	android:label
		ADDED from MyApplication\com.scxh.musicplayer\AndroidManifest.xml:17:9-41
	android:allowBackup
		ADDED from MyApplication\com.scxh.musicplayer\AndroidManifest.xml:15:9-35
	android:icon
		ADDED from MyApplication\com.scxh.musicplayer\AndroidManifest.xml:16:9-44
	android:theme
		ADDED from MyApplication\com.scxh.musicplayer\AndroidManifest.xml:18:9-40
activity#com.scxh.music_player.ui.IndexActivity
ADDED from MyApplication\com.scxh.musicplayer\AndroidManifest.xml:19:9-22:20
	android:label
		ADDED from MyApplication\com.scxh.musicplayer\AndroidManifest.xml:21:13-45
	android:name
		ADDED from MyApplication\com.scxh.musicplayer\AndroidManifest.xml:20:13-45
activity#com.scxh.music_player.ui.PlayerActivity
ADDED from MyApplication\com.scxh.musicplayer\AndroidManifest.xml:23:9-26:20
	android:label
		ADDED from MyApplication\com.scxh.musicplayer\AndroidManifest.xml:25:13-45
	android:name
		ADDED from MyApplication\com.scxh.musicplayer\AndroidManifest.xml:24:13-46
activity#com.scxh.music_player.ui.tabspec.TabSpecMyActivity
ADDED from MyApplication\com.scxh.musicplayer\AndroidManifest.xml:27:9-30:20
	android:label
		ADDED from MyApplication\com.scxh.musicplayer\AndroidManifest.xml:29:13-45
	android:name
		ADDED from MyApplication\com.scxh.musicplayer\AndroidManifest.xml:28:13-57
activity#com.scxh.music_player.ui.LoadingActivity
ADDED from MyApplication\com.scxh.musicplayer\AndroidManifest.xml:31:9-37:20
	android:name
		ADDED from MyApplication\com.scxh.musicplayer\AndroidManifest.xml:32:13-47
intent-filter#android.intent.action.MAIN+android.intent.category.LAUNCHER
ADDED from MyApplication\com.scxh.musicplayer\AndroidManifest.xml:33:13-36:29
action#android.intent.action.MAIN
ADDED from MyApplication\com.scxh.musicplayer\AndroidManifest.xml:34:17-69
	android:name
		ADDED from MyApplication\com.scxh.musicplayer\AndroidManifest.xml:34:25-66
category#android.intent.category.LAUNCHER
ADDED from MyApplication\com.scxh.musicplayer\AndroidManifest.xml:35:17-77
	android:name
		ADDED from MyApplication\com.scxh.musicplayer\AndroidManifest.xml:35:27-74
service#com.scxh.music_player.service.MusicPlayService
ADDED from MyApplication\com.scxh.musicplayer\AndroidManifest.xml:39:9-90
	android:name
		ADDED from MyApplication\com.scxh.musicplayer\AndroidManifest.xml:39:18-79